E:\VISUALSTUDIO_PROJECTS\C++_GAMES\GAMEMFC1\DEBUG\GAMEMFC1.EXE
E:\VISUALSTUDIO_PROJECTS\C++_GAMES\GAMEMFC1\DEBUG\GAMEMFC1.ILK
E:\VISUALSTUDIO_PROJECTS\C++_GAMES\GAMEMFC1\DEBUG\GAMEMFC1.PDB
E:\VISUALSTUDIO_PROJECTS\C++_GAMES\GAMEMFC1\GAMEMFC1\DEBUG\CHILDVIEW.OBJ
E:\VisualStudio_Projects\C++_Games\GameMFC1\GameMFC1\Debug\cl.command.1.tlog
E:\VisualStudio_Projects\C++_Games\GameMFC1\GameMFC1\Debug\CL.read.1.tlog
E:\VisualStudio_Projects\C++_Games\GameMFC1\GameMFC1\Debug\CL.write.1.tlog
E:\VISUALSTUDIO_PROJECTS\C++_GAMES\GAMEMFC1\GAMEMFC1\DEBUG\CPARTICLE.OBJ
E:\VISUALSTUDIO_PROJECTS\C++_GAMES\GAMEMFC1\GAMEMFC1\DEBUG\CSCENE.OBJ
E:\VISUALSTUDIO_PROJECTS\C++_GAMES\GAMEMFC1\GAMEMFC1\DEBUG\GAMEMFC1.EXE.EMBED.MANIFEST
E:\VISUALSTUDIO_PROJECTS\C++_GAMES\GAMEMFC1\GAMEMFC1\DEBUG\GAMEMFC1.EXE.EMBED.MANIFEST.RES
E:\VISUALSTUDIO_PROJECTS\C++_GAMES\GAMEMFC1\GAMEMFC1\DEBUG\GAMEMFC1.EXE.INTERMEDIATE.MANIFEST
E:\VISUALSTUDIO_PROJECTS\C++_GAMES\GAMEMFC1\GAMEMFC1\DEBUG\GAMEMFC1.OBJ
E:\VISUALSTUDIO_PROJECTS\C++_GAMES\GAMEMFC1\GAMEMFC1\DEBUG\GAMEMFC1.PCH
E:\VISUALSTUDIO_PROJECTS\C++_GAMES\GAMEMFC1\GAMEMFC1\DEBUG\GAMEMFC1.RES
E:\VisualStudio_Projects\C++_Games\GameMFC1\GameMFC1\Debug\GameMFC1.vcxprojResolveAssemblyReference.cache
E:\VisualStudio_Projects\C++_Games\GameMFC1\GameMFC1\Debug\GameMFC1.write.1.tlog
E:\VisualStudio_Projects\C++_Games\GameMFC1\GameMFC1\Debug\GameMFC1_manifest.rc
E:\VisualStudio_Projects\C++_Games\GameMFC1\GameMFC1\Debug\link.1072.read.1.tlog
E:\VisualStudio_Projects\C++_Games\GameMFC1\GameMFC1\Debug\link.1072.write.1.tlog
E:\VisualStudio_Projects\C++_Games\GameMFC1\GameMFC1\Debug\link.1072-cvtres.read.1.tlog
E:\VisualStudio_Projects\C++_Games\GameMFC1\GameMFC1\Debug\link.1072-cvtres.write.1.tlog
E:\VisualStudio_Projects\C++_Games\GameMFC1\GameMFC1\Debug\link.2372.read.1.tlog
E:\VisualStudio_Projects\C++_Games\GameMFC1\GameMFC1\Debug\link.2372.write.1.tlog
E:\VisualStudio_Projects\C++_Games\GameMFC1\GameMFC1\Debug\link.2372-cvtres.read.1.tlog
E:\VisualStudio_Projects\C++_Games\GameMFC1\GameMFC1\Debug\link.2372-cvtres.write.1.tlog
E:\VisualStudio_Projects\C++_Games\GameMFC1\GameMFC1\Debug\link.2612.read.1.tlog
E:\VisualStudio_Projects\C++_Games\GameMFC1\GameMFC1\Debug\link.2612.write.1.tlog
E:\VisualStudio_Projects\C++_Games\GameMFC1\GameMFC1\Debug\link.2612-cvtres.read.1.tlog
E:\VisualStudio_Projects\C++_Games\GameMFC1\GameMFC1\Debug\link.2612-cvtres.write.1.tlog
E:\VisualStudio_Projects\C++_Games\GameMFC1\GameMFC1\Debug\link.4172.read.1.tlog
E:\VisualStudio_Projects\C++_Games\GameMFC1\GameMFC1\Debug\link.4172.write.1.tlog
E:\VisualStudio_Projects\C++_Games\GameMFC1\GameMFC1\Debug\link.4172-cvtres.read.1.tlog
E:\VisualStudio_Projects\C++_Games\GameMFC1\GameMFC1\Debug\link.4172-cvtres.write.1.tlog
E:\VisualStudio_Projects\C++_Games\GameMFC1\GameMFC1\Debug\link.4596.read.1.tlog
E:\VisualStudio_Projects\C++_Games\GameMFC1\GameMFC1\Debug\link.4596.write.1.tlog
E:\VisualStudio_Projects\C++_Games\GameMFC1\GameMFC1\Debug\link.4596-cvtres.read.1.tlog
E:\VisualStudio_Projects\C++_Games\GameMFC1\GameMFC1\Debug\link.4596-cvtres.write.1.tlog
E:\VisualStudio_Projects\C++_Games\GameMFC1\GameMFC1\Debug\link.4900.read.1.tlog
E:\VisualStudio_Projects\C++_Games\GameMFC1\GameMFC1\Debug\link.4900.write.1.tlog
E:\VisualStudio_Projects\C++_Games\GameMFC1\GameMFC1\Debug\link.4900-cvtres.read.1.tlog
E:\VisualStudio_Projects\C++_Games\GameMFC1\GameMFC1\Debug\link.4900-cvtres.write.1.tlog
E:\VisualStudio_Projects\C++_Games\GameMFC1\GameMFC1\Debug\link.5320.read.1.tlog
E:\VisualStudio_Projects\C++_Games\GameMFC1\GameMFC1\Debug\link.5320.write.1.tlog
E:\VisualStudio_Projects\C++_Games\GameMFC1\GameMFC1\Debug\link.5320-cvtres.read.1.tlog
E:\VisualStudio_Projects\C++_Games\GameMFC1\GameMFC1\Debug\link.5320-cvtres.write.1.tlog
E:\VisualStudio_Projects\C++_Games\GameMFC1\GameMFC1\Debug\link.5412.read.1.tlog
E:\VisualStudio_Projects\C++_Games\GameMFC1\GameMFC1\Debug\link.5412.write.1.tlog
E:\VisualStudio_Projects\C++_Games\GameMFC1\GameMFC1\Debug\link.5412-cvtres.read.1.tlog
E:\VisualStudio_Projects\C++_Games\GameMFC1\GameMFC1\Debug\link.5412-cvtres.write.1.tlog
E:\VisualStudio_Projects\C++_Games\GameMFC1\GameMFC1\Debug\link.5676.read.1.tlog
E:\VisualStudio_Projects\C++_Games\GameMFC1\GameMFC1\Debug\link.5676.write.1.tlog
E:\VisualStudio_Projects\C++_Games\GameMFC1\GameMFC1\Debug\link.5676-cvtres.read.1.tlog
E:\VisualStudio_Projects\C++_Games\GameMFC1\GameMFC1\Debug\link.5676-cvtres.write.1.tlog
E:\VisualStudio_Projects\C++_Games\GameMFC1\GameMFC1\Debug\link.5848.read.1.tlog
E:\VisualStudio_Projects\C++_Games\GameMFC1\GameMFC1\Debug\link.5848.write.1.tlog
E:\VisualStudio_Projects\C++_Games\GameMFC1\GameMFC1\Debug\link.5848-cvtres.read.1.tlog
E:\VisualStudio_Projects\C++_Games\GameMFC1\GameMFC1\Debug\link.5848-cvtres.write.1.tlog
E:\VisualStudio_Projects\C++_Games\GameMFC1\GameMFC1\Debug\link.6020.read.1.tlog
E:\VisualStudio_Projects\C++_Games\GameMFC1\GameMFC1\Debug\link.6020.write.1.tlog
E:\VisualStudio_Projects\C++_Games\GameMFC1\GameMFC1\Debug\link.6020-cvtres.read.1.tlog
E:\VisualStudio_Projects\C++_Games\GameMFC1\GameMFC1\Debug\link.6020-cvtres.write.1.tlog
E:\VisualStudio_Projects\C++_Games\GameMFC1\GameMFC1\Debug\link.6100.read.1.tlog
E:\VisualStudio_Projects\C++_Games\GameMFC1\GameMFC1\Debug\link.6100.write.1.tlog
E:\VisualStudio_Projects\C++_Games\GameMFC1\GameMFC1\Debug\link.6100-cvtres.read.1.tlog
E:\VisualStudio_Projects\C++_Games\GameMFC1\GameMFC1\Debug\link.6100-cvtres.write.1.tlog
E:\VisualStudio_Projects\C++_Games\GameMFC1\GameMFC1\Debug\link.6148.read.1.tlog
E:\VisualStudio_Projects\C++_Games\GameMFC1\GameMFC1\Debug\link.6148.write.1.tlog
E:\VisualStudio_Projects\C++_Games\GameMFC1\GameMFC1\Debug\link.6148-cvtres.read.1.tlog
E:\VisualStudio_Projects\C++_Games\GameMFC1\GameMFC1\Debug\link.6148-cvtres.write.1.tlog
E:\VisualStudio_Projects\C++_Games\GameMFC1\GameMFC1\Debug\link.6560.read.1.tlog
E:\VisualStudio_Projects\C++_Games\GameMFC1\GameMFC1\Debug\link.6560.write.1.tlog
E:\VisualStudio_Projects\C++_Games\GameMFC1\GameMFC1\Debug\link.6560-cvtres.read.1.tlog
E:\VisualStudio_Projects\C++_Games\GameMFC1\GameMFC1\Debug\link.6560-cvtres.write.1.tlog
E:\VisualStudio_Projects\C++_Games\GameMFC1\GameMFC1\Debug\link.6588.read.1.tlog
E:\VisualStudio_Projects\C++_Games\GameMFC1\GameMFC1\Debug\link.6588.write.1.tlog
E:\VisualStudio_Projects\C++_Games\GameMFC1\GameMFC1\Debug\link.6588-cvtres.read.1.tlog
E:\VisualStudio_Projects\C++_Games\GameMFC1\GameMFC1\Debug\link.6588-cvtres.write.1.tlog
E:\VisualStudio_Projects\C++_Games\GameMFC1\GameMFC1\Debug\link.6636.read.1.tlog
E:\VisualStudio_Projects\C++_Games\GameMFC1\GameMFC1\Debug\link.6636.write.1.tlog
E:\VisualStudio_Projects\C++_Games\GameMFC1\GameMFC1\Debug\link.6636-cvtres.read.1.tlog
E:\VisualStudio_Projects\C++_Games\GameMFC1\GameMFC1\Debug\link.6636-cvtres.write.1.tlog
E:\VisualStudio_Projects\C++_Games\GameMFC1\GameMFC1\Debug\link.6732.read.1.tlog
E:\VisualStudio_Projects\C++_Games\GameMFC1\GameMFC1\Debug\link.6732.write.1.tlog
E:\VisualStudio_Projects\C++_Games\GameMFC1\GameMFC1\Debug\link.6732-cvtres.read.1.tlog
E:\VisualStudio_Projects\C++_Games\GameMFC1\GameMFC1\Debug\link.6732-cvtres.write.1.tlog
E:\VisualStudio_Projects\C++_Games\GameMFC1\GameMFC1\Debug\link.6892.read.1.tlog
E:\VisualStudio_Projects\C++_Games\GameMFC1\GameMFC1\Debug\link.6892.write.1.tlog
E:\VisualStudio_Projects\C++_Games\GameMFC1\GameMFC1\Debug\link.6892-cvtres.read.1.tlog
E:\VisualStudio_Projects\C++_Games\GameMFC1\GameMFC1\Debug\link.6892-cvtres.write.1.tlog
E:\VisualStudio_Projects\C++_Games\GameMFC1\GameMFC1\Debug\link.7940.read.1.tlog
E:\VisualStudio_Projects\C++_Games\GameMFC1\GameMFC1\Debug\link.7940.write.1.tlog
E:\VisualStudio_Projects\C++_Games\GameMFC1\GameMFC1\Debug\link.7940-cvtres.read.1.tlog
E:\VisualStudio_Projects\C++_Games\GameMFC1\GameMFC1\Debug\link.7940-cvtres.write.1.tlog
E:\VisualStudio_Projects\C++_Games\GameMFC1\GameMFC1\Debug\link.8152.read.1.tlog
E:\VisualStudio_Projects\C++_Games\GameMFC1\GameMFC1\Debug\link.8152.write.1.tlog
E:\VisualStudio_Projects\C++_Games\GameMFC1\GameMFC1\Debug\link.8152-cvtres.read.1.tlog
E:\VisualStudio_Projects\C++_Games\GameMFC1\GameMFC1\Debug\link.8152-cvtres.write.1.tlog
E:\VisualStudio_Projects\C++_Games\GameMFC1\GameMFC1\Debug\link.8164.read.1.tlog
E:\VisualStudio_Projects\C++_Games\GameMFC1\GameMFC1\Debug\link.8164.write.1.tlog
E:\VisualStudio_Projects\C++_Games\GameMFC1\GameMFC1\Debug\link.8164-cvtres.read.1.tlog
E:\VisualStudio_Projects\C++_Games\GameMFC1\GameMFC1\Debug\link.8164-cvtres.write.1.tlog
E:\VisualStudio_Projects\C++_Games\GameMFC1\GameMFC1\Debug\link.command.1.tlog
E:\VisualStudio_Projects\C++_Games\GameMFC1\GameMFC1\Debug\link.read.1.tlog
E:\VisualStudio_Projects\C++_Games\GameMFC1\GameMFC1\Debug\link.write.1.tlog
E:\VisualStudio_Projects\C++_Games\GameMFC1\GameMFC1\Debug\link-cvtres.read.1.tlog
E:\VisualStudio_Projects\C++_Games\GameMFC1\GameMFC1\Debug\link-cvtres.write.1.tlog
E:\VISUALSTUDIO_PROJECTS\C++_GAMES\GAMEMFC1\GAMEMFC1\DEBUG\MAINFRM.OBJ
E:\VisualStudio_Projects\C++_Games\GameMFC1\GameMFC1\Debug\mt.command.1.tlog
E:\VisualStudio_Projects\C++_Games\GameMFC1\GameMFC1\Debug\mt.read.1.tlog
E:\VisualStudio_Projects\C++_Games\GameMFC1\GameMFC1\Debug\mt.write.1.tlog
E:\VisualStudio_Projects\C++_Games\GameMFC1\GameMFC1\Debug\rc.command.1.tlog
E:\VisualStudio_Projects\C++_Games\GameMFC1\GameMFC1\Debug\rc.read.1.tlog
E:\VisualStudio_Projects\C++_Games\GameMFC1\GameMFC1\Debug\rc.write.1.tlog
E:\VISUALSTUDIO_PROJECTS\C++_GAMES\GAMEMFC1\GAMEMFC1\DEBUG\STDAFX.OBJ
E:\VisualStudio_Projects\C++_Games\GameMFC1\GameMFC1\Debug\vc100.idb
E:\VISUALSTUDIO_PROJECTS\C++_GAMES\GAMEMFC1\GAMEMFC1\DEBUG\VC100.PDB
