  d3dUtility.cpp
c:\download\directx_sdk_9\include\xnamath.h(2662): warning C4838: conversion from 'unsigned int' to 'INT' requires a narrowing conversion
c:\download\directx_sdk_9\include\xnamath.h(2663): warning C4838: conversion from 'unsigned int' to 'INT' requires a narrowing conversion
c:\download\directx_sdk_9\include\xnamath.h(2664): warning C4838: conversion from 'unsigned int' to 'INT' requires a narrowing conversion
c:\download\directx_sdk_9\include\xnamath.h(2665): warning C4838: conversion from 'unsigned int' to 'INT' requires a narrowing conversion
c:\download\directx_sdk_9\include\xnamath.h(2666): warning C4838: conversion from 'unsigned int' to 'INT' requires a narrowing conversion
c:\download\directx_sdk_9\include\xnamath.h(2667): warning C4838: conversion from 'unsigned int' to 'INT' requires a narrowing conversion
c:\download\directx_sdk_9\include\xnamath.h(2668): warning C4838: conversion from 'unsigned int' to 'INT' requires a narrowing conversion
c:\download\directx_sdk_9\include\xnamath.h(2689): warning C4838: conversion from 'unsigned int' to 'INT' requires a narrowing conversion
c:\download\directx_sdk_9\include\xnamath.h(2690): warning C4838: conversion from 'unsigned int' to 'INT' requires a narrowing conversion
c:\download\directx_sdk_9\include\xnamath.h(2691): warning C4838: conversion from 'unsigned int' to 'INT' requires a narrowing conversion
c:\download\directx_sdk_9\include\xnamath.h(2694): warning C4838: conversion from 'unsigned int' to 'INT' requires a narrowing conversion
c:\download\directx_sdk_9\include\xnamath.h(2695): warning C4838: conversion from 'unsigned int' to 'INT' requires a narrowing conversion
c:\download\directx_sdk_9\include\xnamath.h(2698): warning C4838: conversion from 'unsigned int' to 'INT' requires a narrowing conversion
c:\download\directx_sdk_9\include\xnamath.h(2702): warning C4838: conversion from 'unsigned int' to 'INT' requires a narrowing conversion
c:\download\directx_sdk_9\include\xnamath.h(2712): warning C4838: conversion from 'unsigned int' to 'INT' requires a narrowing conversion
c:\download\directx_sdk_9\include\xnamath.h(2713): warning C4838: conversion from 'unsigned int' to 'INT' requires a narrowing conversion
c:\download\directx_sdk_9\include\xnamath.h(2715): warning C4838: conversion from 'unsigned int' to 'INT' requires a narrowing conversion
c:\download\directx_sdk_9\include\xnamath.h(2716): warning C4838: conversion from 'unsigned int' to 'INT' requires a narrowing conversion
c:\download\directx_sdk_9\include\xnamath.h(2717): warning C4838: conversion from 'unsigned int' to 'INT' requires a narrowing conversion
c:\download\directx_sdk_9\include\xnamath.h(2727): warning C4838: conversion from 'unsigned int' to 'INT' requires a narrowing conversion
c:\download\directx_sdk_9\include\xnamath.h(2728): warning C4838: conversion from 'unsigned int' to 'INT' requires a narrowing conversion
c:\download\directx_sdk_9\include\xnamath.h(2729): warning C4838: conversion from 'unsigned int' to 'INT' requires a narrowing conversion
c:\download\directx_sdk_9\include\xnamath.h(2730): warning C4838: conversion from 'unsigned int' to 'INT' requires a narrowing conversion
c:\download\directx_sdk_9\include\xnamath.h(2731): warning C4838: conversion from 'unsigned int' to 'INT' requires a narrowing conversion
c:\download\directx_sdk_9\include\xnamath.h(2732): warning C4838: conversion from 'unsigned int' to 'INT' requires a narrowing conversion
c:\download\directx_sdk_9\include\xnamath.h(2742): warning C4838: conversion from 'unsigned int' to 'INT' requires a narrowing conversion
c:\download\directx_sdk_9\include\xnamath.h(2743): warning C4838: conversion from 'unsigned int' to 'INT' requires a narrowing conversion
c:\download\directx_sdk_9\include\xnamath.h(2754): warning C4838: conversion from 'unsigned int' to 'INT' requires a narrowing conversion
c:\download\directx_sdk_9\include\xnamathconvert.inl(2254): warning C4838: conversion from 'unsigned int' to 'INT' requires a narrowing conversion
c:\download\directx_sdk_9\include\xnamathconvert.inl(4523): warning C4838: conversion from 'unsigned int' to 'INT' requires a narrowing conversion
c:\download\directx_sdk_9\include\xnamathconvert.inl(4577): warning C4838: conversion from 'unsigned int' to 'INT' requires a narrowing conversion
c:\download\directx_sdk_9\include\xnamathconvert.inl(4639): warning C4838: conversion from 'unsigned int' to 'INT' requires a narrowing conversion
c:\download\directx_sdk_9\include\xnamathconvert.inl(4707): warning C4838: conversion from 'unsigned int' to 'INT' requires a narrowing conversion
c:\download\directx_sdk_9\include\xnamathconvert.inl(4770): warning C4838: conversion from 'unsigned int' to 'INT' requires a narrowing conversion
c:\download\directx_sdk_9\include\xnamathconvert.inl(4832): warning C4838: conversion from 'unsigned int' to 'INT' requires a narrowing conversion
c:\download\directx_sdk_9\include\xnamathvector.inl(1269): warning C4838: conversion from 'unsigned int' to 'INT' requires a narrowing conversion
c:\download\directx_sdk_9\include\xnamathmisc.inl(518): warning C4838: conversion from 'unsigned int' to 'INT' requires a narrowing conversion
c:\download\directx_sdk_9\include\xnamathmisc.inl(519): warning C4838: conversion from 'unsigned int' to 'INT' requires a narrowing conversion
c:\download\directx_sdk_9\include\dxgitype.h(12): warning C4005: 'DXGI_STATUS_OCCLUDED': macro redefinition
  c:\program files (x86)\windows kits\10\include\10.0.16299.0\shared\winerror.h(53655): note: see previous definition of 'DXGI_STATUS_OCCLUDED'
c:\download\directx_sdk_9\include\dxgitype.h(13): warning C4005: 'DXGI_STATUS_CLIPPED': macro redefinition
  c:\program files (x86)\windows kits\10\include\10.0.16299.0\shared\winerror.h(53664): note: see previous definition of 'DXGI_STATUS_CLIPPED'
c:\download\directx_sdk_9\include\dxgitype.h(14): warning C4005: 'DXGI_STATUS_NO_REDIRECTION': macro redefinition
  c:\program files (x86)\windows kits\10\include\10.0.16299.0\shared\winerror.h(53673): note: see previous definition of 'DXGI_STATUS_NO_REDIRECTION'
c:\download\directx_sdk_9\include\dxgitype.h(15): warning C4005: 'DXGI_STATUS_NO_DESKTOP_ACCESS': macro redefinition
  c:\program files (x86)\windows kits\10\include\10.0.16299.0\shared\winerror.h(53682): note: see previous definition of 'DXGI_STATUS_NO_DESKTOP_ACCESS'
c:\download\directx_sdk_9\include\dxgitype.h(16): warning C4005: 'DXGI_STATUS_GRAPHICS_VIDPN_SOURCE_IN_USE': macro redefinition
  c:\program files (x86)\windows kits\10\include\10.0.16299.0\shared\winerror.h(53691): note: see previous definition of 'DXGI_STATUS_GRAPHICS_VIDPN_SOURCE_IN_USE'
c:\download\directx_sdk_9\include\dxgitype.h(17): warning C4005: 'DXGI_STATUS_MODE_CHANGED': macro redefinition
  c:\program files (x86)\windows kits\10\include\10.0.16299.0\shared\winerror.h(53700): note: see previous definition of 'DXGI_STATUS_MODE_CHANGED'
c:\download\directx_sdk_9\include\dxgitype.h(18): warning C4005: 'DXGI_STATUS_MODE_CHANGE_IN_PROGRESS': macro redefinition
  c:\program files (x86)\windows kits\10\include\10.0.16299.0\shared\winerror.h(53709): note: see previous definition of 'DXGI_STATUS_MODE_CHANGE_IN_PROGRESS'
c:\download\directx_sdk_9\include\dxgitype.h(21): warning C4005: 'DXGI_ERROR_INVALID_CALL': macro redefinition
  c:\program files (x86)\windows kits\10\include\10.0.16299.0\shared\winerror.h(53724): note: see previous definition of 'DXGI_ERROR_INVALID_CALL'
c:\download\directx_sdk_9\include\dxgitype.h(22): warning C4005: 'DXGI_ERROR_NOT_FOUND': macro redefinition
  c:\program files (x86)\windows kits\10\include\10.0.16299.0\shared\winerror.h(53733): note: see previous definition of 'DXGI_ERROR_NOT_FOUND'
c:\download\directx_sdk_9\include\dxgitype.h(23): warning C4005: 'DXGI_ERROR_MORE_DATA': macro redefinition
  c:\program files (x86)\windows kits\10\include\10.0.16299.0\shared\winerror.h(53742): note: see previous definition of 'DXGI_ERROR_MORE_DATA'
c:\download\directx_sdk_9\include\dxgitype.h(24): warning C4005: 'DXGI_ERROR_UNSUPPORTED': macro redefinition
  c:\program files (x86)\windows kits\10\include\10.0.16299.0\shared\winerror.h(53751): note: see previous definition of 'DXGI_ERROR_UNSUPPORTED'
c:\download\directx_sdk_9\include\dxgitype.h(25): warning C4005: 'DXGI_ERROR_DEVICE_REMOVED': macro redefinition
  c:\program files (x86)\windows kits\10\include\10.0.16299.0\shared\winerror.h(53760): note: see previous definition of 'DXGI_ERROR_DEVICE_REMOVED'
c:\download\directx_sdk_9\include\dxgitype.h(26): warning C4005: 'DXGI_ERROR_DEVICE_HUNG': macro redefinition
  c:\program files (x86)\windows kits\10\include\10.0.16299.0\shared\winerror.h(53769): note: see previous definition of 'DXGI_ERROR_DEVICE_HUNG'
c:\download\directx_sdk_9\include\dxgitype.h(27): warning C4005: 'DXGI_ERROR_DEVICE_RESET': macro redefinition
  c:\program files (x86)\windows kits\10\include\10.0.16299.0\shared\winerror.h(53779): note: see previous definition of 'DXGI_ERROR_DEVICE_RESET'
c:\download\directx_sdk_9\include\dxgitype.h(28): warning C4005: 'DXGI_ERROR_WAS_STILL_DRAWING': macro redefinition
  c:\program files (x86)\windows kits\10\include\10.0.16299.0\shared\winerror.h(53788): note: see previous definition of 'DXGI_ERROR_WAS_STILL_DRAWING'
c:\download\directx_sdk_9\include\dxgitype.h(29): warning C4005: 'DXGI_ERROR_FRAME_STATISTICS_DISJOINT': macro redefinition
  c:\program files (x86)\windows kits\10\include\10.0.16299.0\shared\winerror.h(53798): note: see previous definition of 'DXGI_ERROR_FRAME_STATISTICS_DISJOINT'
c:\download\directx_sdk_9\include\dxgitype.h(30): warning C4005: 'DXGI_ERROR_GRAPHICS_VIDPN_SOURCE_IN_USE': macro redefinition
  c:\program files (x86)\windows kits\10\include\10.0.16299.0\shared\winerror.h(53807): note: see previous definition of 'DXGI_ERROR_GRAPHICS_VIDPN_SOURCE_IN_USE'
c:\download\directx_sdk_9\include\dxgitype.h(31): warning C4005: 'DXGI_ERROR_DRIVER_INTERNAL_ERROR': macro redefinition
  c:\program files (x86)\windows kits\10\include\10.0.16299.0\shared\winerror.h(53817): note: see previous definition of 'DXGI_ERROR_DRIVER_INTERNAL_ERROR'
c:\download\directx_sdk_9\include\dxgitype.h(32): warning C4005: 'DXGI_ERROR_NONEXCLUSIVE': macro redefinition
  c:\program files (x86)\windows kits\10\include\10.0.16299.0\shared\winerror.h(53826): note: see previous definition of 'DXGI_ERROR_NONEXCLUSIVE'
c:\download\directx_sdk_9\include\dxgitype.h(33): warning C4005: 'DXGI_ERROR_NOT_CURRENTLY_AVAILABLE': macro redefinition
  c:\program files (x86)\windows kits\10\include\10.0.16299.0\shared\winerror.h(53835): note: see previous definition of 'DXGI_ERROR_NOT_CURRENTLY_AVAILABLE'
c:\download\directx_sdk_9\include\dxgitype.h(34): warning C4005: 'DXGI_ERROR_REMOTE_CLIENT_DISCONNECTED': macro redefinition
  c:\program files (x86)\windows kits\10\include\10.0.16299.0\shared\winerror.h(53845): note: see previous definition of 'DXGI_ERROR_REMOTE_CLIENT_DISCONNECTED'
c:\download\directx_sdk_9\include\dxgitype.h(35): warning C4005: 'DXGI_ERROR_REMOTE_OUTOFMEMORY': macro redefinition
  c:\program files (x86)\windows kits\10\include\10.0.16299.0\shared\winerror.h(53854): note: see previous definition of 'DXGI_ERROR_REMOTE_OUTOFMEMORY'
c:\download\directx_sdk_9\include\d3d11.h(917): warning C4005: 'D3D11_ERROR_TOO_MANY_UNIQUE_STATE_OBJECTS': macro redefinition
  c:\program files (x86)\windows kits\10\include\10.0.16299.0\shared\winerror.h(54118): note: see previous definition of 'D3D11_ERROR_TOO_MANY_UNIQUE_STATE_OBJECTS'
c:\download\directx_sdk_9\include\d3d11.h(918): warning C4005: 'D3D11_ERROR_FILE_NOT_FOUND': macro redefinition
  c:\program files (x86)\windows kits\10\include\10.0.16299.0\shared\winerror.h(54127): note: see previous definition of 'D3D11_ERROR_FILE_NOT_FOUND'
c:\download\directx_sdk_9\include\d3d11.h(919): warning C4005: 'D3D11_ERROR_TOO_MANY_UNIQUE_VIEW_OBJECTS': macro redefinition
  c:\program files (x86)\windows kits\10\include\10.0.16299.0\shared\winerror.h(54137): note: see previous definition of 'D3D11_ERROR_TOO_MANY_UNIQUE_VIEW_OBJECTS'
c:\download\directx_sdk_9\include\d3d11.h(920): warning C4005: 'D3D11_ERROR_DEFERRED_CONTEXT_MAP_WITHOUT_INITIAL_DISCARD': macro redefinition
  c:\program files (x86)\windows kits\10\include\10.0.16299.0\shared\winerror.h(54146): note: see previous definition of 'D3D11_ERROR_DEFERRED_CONTEXT_MAP_WITHOUT_INITIAL_DISCARD'
c:\download\directx_sdk_9\include\d3d10.h(608): warning C4005: 'D3D10_ERROR_TOO_MANY_UNIQUE_STATE_OBJECTS': macro redefinition
  c:\program files (x86)\windows kits\10\include\10.0.16299.0\shared\winerror.h(54094): note: see previous definition of 'D3D10_ERROR_TOO_MANY_UNIQUE_STATE_OBJECTS'
c:\download\directx_sdk_9\include\d3d10.h(609): warning C4005: 'D3D10_ERROR_FILE_NOT_FOUND': macro redefinition
  c:\program files (x86)\windows kits\10\include\10.0.16299.0\shared\winerror.h(54103): note: see previous definition of 'D3D10_ERROR_FILE_NOT_FOUND'
e:\visualstudio_projects\directx11_3d\initd3d\initd3d\d3dutility.cpp(97): error C2065: 'DXGI_FORMAT_B8G8R8_UNORM': undeclared identifier
e:\visualstudio_projects\directx11_3d\initd3d\initd3d\d3dutility.cpp(183): warning C4244: '=': conversion from 'int' to 'FLOAT', possible loss of data
e:\visualstudio_projects\directx11_3d\initd3d\initd3d\d3dutility.cpp(184): warning C4244: '=': conversion from 'int' to 'FLOAT', possible loss of data
E:\VS_2017\Community\Common7\IDE\VC\VCTargets\Microsoft.CppCommon.targets(380,5): error MSB6003: The specified task executable "CL.exe" could not be run. The requested operation cannot be performed on a file with a user-mapped section open.
E:\VS_2017\Community\Common7\IDE\VC\VCTargets\Microsoft.CppCommon.targets(380,5): error MSB6003: 
